[debug] [2024-01-20T04:04:27.276Z] ----------------------------------------------------------------------
[debug] [2024-01-20T04:04:27.278Z] Command:       C:\Program Files\nodejs\node.exe C:\Users\greyb\AppData\Roaming\npm\node_modules\firebase-tools\lib\bin\firebase.js init
[debug] [2024-01-20T04:04:27.278Z] CLI Version:   13.0.3
[debug] [2024-01-20T04:04:27.278Z] Platform:      win32
[debug] [2024-01-20T04:04:27.279Z] Node Version:  v18.16.0
[debug] [2024-01-20T04:04:27.279Z] Time:          Fri Jan 19 2024 23:04:27 GMT-0500 (Eastern Standard Time)
[debug] [2024-01-20T04:04:27.279Z] ----------------------------------------------------------------------
[debug] 
[debug] [2024-01-20T04:04:27.285Z] > command requires scopes: ["email","openid","https://www.googleapis.com/auth/cloudplatformprojects.readonly","https://www.googleapis.com/auth/firebase","https://www.googleapis.com/auth/cloud-platform"]
[debug] [2024-01-20T04:04:27.287Z] > authorizing via signed-in user (greybeard.pixelworks@gmail.com)
[info] 
     ######## #### ########  ######## ########     ###     ######  ########
     ##        ##  ##     ## ##       ##     ##  ##   ##  ##       ##
     ######    ##  ########  ######   ########  #########  ######  ######
     ##        ##  ##    ##  ##       ##     ## ##     ##       ## ##
     ##       #### ##     ## ######## ########  ##     ##  ######  ########

You're about to initialize a Firebase project in this directory:

  C:\Projects\MusicBio\musicbio

Before we get started, keep in mind:

  * You are currently outside your home directory

[info] 
=== Project Setup
[info] 
[info] First, let's associate this project directory with a Firebase project.
[info] You can create multiple project aliases by running firebase use --add, 
[info] but for now we'll just set up a default project.
[info] 
[debug] [2024-01-20T04:05:10.478Z] > refreshing access token with scopes: []
[debug] [2024-01-20T04:05:10.480Z] >>> [apiv2][query] POST https://www.googleapis.com/oauth2/v3/token [none]
[debug] [2024-01-20T04:05:10.480Z] >>> [apiv2][body] POST https://www.googleapis.com/oauth2/v3/token [omitted]
[debug] [2024-01-20T04:05:10.701Z] <<< [apiv2][status] POST https://www.googleapis.com/oauth2/v3/token 200
[debug] [2024-01-20T04:05:10.701Z] <<< [apiv2][body] POST https://www.googleapis.com/oauth2/v3/token [omitted]
[debug] [2024-01-20T04:05:10.718Z] >>> [apiv2][query] GET https://firebase.googleapis.com/v1beta1/projects pageSize=100
[debug] [2024-01-20T04:05:11.158Z] <<< [apiv2][status] GET https://firebase.googleapis.com/v1beta1/projects 200
[debug] [2024-01-20T04:05:11.158Z] <<< [apiv2][body] GET https://firebase.googleapis.com/v1beta1/projects [omitted]
[info] i  Using project fr0stpunk-91655 (fr0stpunk) 
[info] 
=== Hosting Setup
[debug] [2024-01-20T04:05:14.097Z] >>> [apiv2][query] GET https://firebase.googleapis.com/v1beta1/projects/fr0stpunk-91655 [none]
[debug] [2024-01-20T04:05:14.394Z] <<< [apiv2][status] GET https://firebase.googleapis.com/v1beta1/projects/fr0stpunk-91655 200
[debug] [2024-01-20T04:05:14.394Z] <<< [apiv2][body] GET https://firebase.googleapis.com/v1beta1/projects/fr0stpunk-91655 {"projectId":"fr0stpunk-91655","projectNumber":"272157393150","displayName":"fr0stpunk","name":"projects/fr0stpunk-91655","resources":{"hostingSite":"fr0stpunk-91655"},"state":"ACTIVE","etag":"1_7f2723dd-5f49-46ed-b5c2-3a902fb04d37"}
[info] 
[info] Your public directory is the folder (relative to your project directory) that
[info] will contain Hosting assets to be uploaded with firebase deploy. If you
[info] have a build process for your assets, use your build's output directory.
[info] 
[debug] [2024-01-20T04:09:23.125Z] >>> [apiv2][query] GET https://www.gstatic.com/firebasejs/releases.json [none]
[debug] [2024-01-20T04:09:23.239Z] <<< [apiv2][status] GET https://www.gstatic.com/firebasejs/releases.json 200
[debug] [2024-01-20T04:09:23.239Z] <<< [apiv2][body] GET https://www.gstatic.com/firebasejs/releases.json {"current":{"version":"10.7.2","browserURL":"https://www.gstatic.com/firebasejs/10.7.2/firebase.js","packageURL":"https://www.gstatic.com/firebasejs/10.7.2/firebase.tgz"},"live":{"version":"10.7","browserURL":"https://www.gstatic.com/firebasejs/live/10.7/firebase.js","packageURL":"https://www.gstatic.com/firebasejs/live/10.7/firebase.tgz"},"components":{"analytics":"https://www.gstatic.com/firebasejs/10.7.2/firebase-analytics.js","app":"https://www.gstatic.com/firebasejs/10.7.2/firebase-app.js","app-check":"https://www.gstatic.com/firebasejs/10.7.2/firebase-app-check.js","auth":"https://www.gstatic.com/firebasejs/10.7.2/firebase-auth.js","auth/cordova":"https://www.gstatic.com/firebasejs/10.7.2/firebase-auth/cordova.js","functions":"https://www.gstatic.com/firebasejs/10.7.2/firebase-functions.js","firestore":"https://www.gstatic.com/firebasejs/10.7.2/firebase-firestore.js","firestore/lite":"https://www.gstatic.com/firebasejs/10.7.2/firebase-firestore/lite.js","installations":"https://www.gstatic.com/firebasejs/10.7.2/firebase-installations.js","storage":"https://www.gstatic.com/firebasejs/10.7.2/firebase-storage.js","performance":"https://www.gstatic.com/firebasejs/10.7.2/firebase-performance.js","remote-config":"https://www.gstatic.com/firebasejs/10.7.2/firebase-remote-config.js","messaging":"https://www.gstatic.com/firebasejs/10.7.2/firebase-messaging.js","messaging/sw":"https://www.gstatic.com/firebasejs/10.7.2/firebase-messaging/sw.js","database":"https://www.gstatic.com/firebasejs/10.7.2/firebase-database.js","firestore.memory":"https://www.gstatic.com/firebasejs/10.7.2/firebase-firestore.memory.js"}}
[info] i  Skipping write of public/index.html 
